<?xml version="1.0" encoding="UTF-8"?>
<testsuite name="Parallel" tests="4" skipped="0" failures="0" errors="0" timestamp="2020-02-21T10:52:42" hostname="Nithyas-MacBook-Pro.local" time="20.571">
  <properties/>
  <testcase name="repeatedTestMethod2(RepetitionInfo)[2]" classname="Parallel" time="14.435"/>
  <testcase name="repeatedTestMethod1(RepetitionInfo)[2]" classname="Parallel" time="16.628"/>
  <testcase name="repeatedTestMethod1(RepetitionInfo)[1]" classname="Parallel" time="19.636"/>
  <testcase name="repeatedTestMethod2(RepetitionInfo)[1]" classname="Parallel" time="20.571"/>
  <system-out><![CDATA[]]></system-out>
  <system-err><![CDATA[Feb 21, 2020 4:22:51 PM org.openqa.selenium.remote.ProtocolHandshake createSession
INFO: Detected dialect: W3C
SLF4J: Failed to load class "org.slf4j.impl.StaticLoggerBinder".
SLF4J: Defaulting to no-operation (NOP) logger implementation
SLF4J: See http://www.slf4j.org/codes.html#StaticLoggerBinder for further details.
Feb 21, 2020 4:22:53 PM org.openqa.selenium.remote.ProtocolHandshake createSession
INFO: Detected dialect: OSS
Feb 21, 2020 4:22:53 PM org.openqa.selenium.remote.ProtocolHandshake createSession
INFO: Detected dialect: OSS
Feb 21, 2020 4:22:53 PM org.openqa.selenium.remote.ProtocolHandshake createSession
INFO: Detected dialect: W3C
]]></system-err>
</testsuite>
