<?xml version="1.0" encoding="UTF-8"?>
<testsuite name="Parallel" tests="4" skipped="0" failures="0" errors="0" timestamp="2021-12-09T14:27:50" hostname="Nithyas-MacBook-Pro.local" time="32.892">
  <properties/>
  <testcase name="repeatedTestMethod1(RepetitionInfo)[1]" classname="Parallel" time="22.96"/>
  <testcase name="repeatedTestMethod1(RepetitionInfo)[2]" classname="Parallel" time="23.973"/>
  <testcase name="repeatedTestMethod2(RepetitionInfo)[2]" classname="Parallel" time="25.6"/>
  <testcase name="repeatedTestMethod2(RepetitionInfo)[1]" classname="Parallel" time="32.892"/>
  <system-out><![CDATA[Modal does not exist
Modal does not exist
Modal does not exist
Modal does not exist
]]></system-out>
  <system-err><![CDATA[Dec 09, 2021 7:57:54 PM org.openqa.selenium.remote.ProtocolHandshake createSession
INFO: Detected dialect: W3C
SLF4J: Failed to load class "org.slf4j.impl.StaticLoggerBinder".
SLF4J: Defaulting to no-operation (NOP) logger implementation
SLF4J: See http://www.slf4j.org/codes.html#StaticLoggerBinder for further details.
Dec 09, 2021 7:57:57 PM org.openqa.selenium.remote.ProtocolHandshake createSession
INFO: Detected dialect: W3C
Dec 09, 2021 7:57:59 PM org.openqa.selenium.remote.ProtocolHandshake createSession
INFO: Detected dialect: W3C
Dec 09, 2021 7:57:59 PM org.openqa.selenium.remote.ProtocolHandshake createSession
INFO: Detected dialect: W3C
]]></system-err>
</testsuite>
