<?xml version="1.0" encoding="UTF-8"?>
<testsuite name="multiple.ParallelWithCaps" tests="2" skipped="0" failures="0" errors="0" timestamp="2021-12-09T14:42:01" hostname="Nithyas-MacBook-Pro.local" time="19.217">
  <properties/>
  <testcase name="test2()" classname="multiple.ParallelWithCaps" time="14.979"/>
  <testcase name="test1()" classname="multiple.ParallelWithCaps" time="19.217"/>
  <system-out><![CDATA[Modal does not exist
Modal does not exist
]]></system-out>
  <system-err><![CDATA[Dec 09, 2021 8:12:06 PM org.openqa.selenium.remote.ProtocolHandshake createSession
INFO: Detected dialect: W3C
SLF4J: Failed to load class "org.slf4j.impl.StaticLoggerBinder".
SLF4J: Defaulting to no-operation (NOP) logger implementation
SLF4J: See http://www.slf4j.org/codes.html#StaticLoggerBinder for further details.
Dec 09, 2021 8:12:07 PM org.openqa.selenium.remote.ProtocolHandshake createSession
INFO: Detected dialect: W3C
]]></system-err>
</testsuite>
