<?xml version="1.0" encoding="UTF-8"?>
<testsuite name="Single" tests="1" skipped="0" failures="0" errors="0" timestamp="2020-02-21T10:51:16" hostname="Nithyas-MacBook-Pro.local" time="18.531">
  <properties/>
  <testcase name="test()[1]" classname="Single" time="18.531"/>
  <system-out><![CDATA[]]></system-out>
  <system-err><![CDATA[Feb 21, 2020 4:21:23 PM org.openqa.selenium.remote.ProtocolHandshake createSession
INFO: Detected dialect: OSS
SLF4J: Failed to load class "org.slf4j.impl.StaticLoggerBinder".
SLF4J: Defaulting to no-operation (NOP) logger implementation
SLF4J: See http://www.slf4j.org/codes.html#StaticLoggerBinder for further details.
]]></system-err>
</testsuite>
